<?xml version="1.0" encoding="UTF-8"?>
<testng-results skipped="0" failed="0" ignored="0" total="1" passed="1">
  <reporter-output>
  </reporter-output>
  <suite name="Default suite" duration-ms="90" started-at="2020-09-05T16:50:35 EDT" finished-at="2020-09-05T16:50:35 EDT">
    <groups>
    </groups>
    <test name="Default test" duration-ms="90" started-at="2020-09-05T16:50:35 EDT" finished-at="2020-09-05T16:50:35 EDT">
      <class name="stremAndLemda.Stream">
        <test-method status="PASS" signature="streamMap()[pri:0, instance:stremAndLemda.Stream@eec5a4a]" name="streamMap" duration-ms="28" started-at="2020-09-05T16:50:35 EDT" finished-at="2020-09-05T16:50:35 EDT">
          <reporter-output>
          </reporter-output>
        </test-method> <!-- streamMap -->
      </class> <!-- stremAndLemda.Stream -->
    </test> <!-- Default test -->
  </suite> <!-- Default suite -->
</testng-results>
